ISim log file
Running: D:\PRAC_carmenvaroandre\P2c_Picoblaze_Helloworld_RAM_INT_FLIP\P2c_Proyecto_Helloworld_RAM_INT_FLIP\xor_tb_isim_beh.exe -intstyle ise -gui -tclbatch isim.cmd -wdb D:/PRAC_carmenvaroandre/P2c_Picoblaze_Helloworld_RAM_INT_FLIP/P2c_Proyecto_Helloworld_RAM_INT_FLIP/xor_tb_isim_beh.wdb 
ISim P.20131013 (signature 0x7708f090)
----------------------------------------------------------------------
INFO:Security:50 - The XILINXD_LICENSE_FILE environment variable is set to '2100@212.128.45.61'.
INFO:Security:53 - The LM_LICENSE_FILE environment variable is not set.
WARNING:Security:43 - No license file was found in the standard Xilinx license directory.
WARNING:Security:44 - Since no license file was found,
       please run the Xilinx License Configuration Manager
       (xlcm or "Manage Xilinx Licenses")
       to assist in obtaining a license.
WARNING:Security:42 - Your software subscription period has lapsed. Your current version of Xilinx tools will continue to function, but you no longer qualify for Xilinx software updates or new releases.


----------------------------------------------------------------------
This is a Full version of ISim.
Time resolution is 1 ps
# onerror resume
# wave add /
# run 1000 ns
Simulator is doing circuit initialization process.
Finished circuit initialization process.
# run 50 ms
# run all
Stopped at time : 154657590 ns : File "D:/PRAC_carmenvaroandre/P2c_Picoblaze_Helloworld_RAM_INT_FLIP/P2c_Proyecto_Helloworld_RAM_INT_FLIP/modulo_xor.vhd" Line 32
ISim P.20131013 (signature 0x7708f090)
----------------------------------------------------------------------
INFO:Security:50 - The XILINXD_LICENSE_FILE environment variable is set to '2100@212.128.45.61'.
INFO:Security:53 - The LM_LICENSE_FILE environment variable is not set.
WARNING:Security:43 - No license file was found in the standard Xilinx license directory.
WARNING:Security:44 - Since no license file was found,
       please run the Xilinx License Configuration Manager
       (xlcm or "Manage Xilinx Licenses")
       to assist in obtaining a license.
WARNING:Security:42 - Your software subscription period has lapsed. Your current version of Xilinx tools will continue to function, but you no longer qualify for Xilinx software updates or new releases.


----------------------------------------------------------------------
This is a Full version of ISim.
# run 1000 ns
Simulator is doing circuit initialization process.
Finished circuit initialization process.
# run 50 ms
The simulator has terminated in an unexpected manner.  Please review the ISim log (isim.log) for details.
